0 info it worked if it ends with ok
1 verbose cli [ '/usr/local/bin/node',
1 verbose cli   '/usr/local/bin/npm',
1 verbose cli   'install',
1 verbose cli   'gulp-run-squence',
1 verbose cli   '--save' ]
2 info using npm@1.4.28
3 info using node@v0.10.33
4 verbose readDependencies using package.json deps
5 verbose cache add [ 'gulp-run-squence', null ]
6 verbose cache add name=undefined spec="gulp-run-squence" args=["gulp-run-squence",null]
7 verbose parsed url { protocol: null,
7 verbose parsed url   slashes: null,
7 verbose parsed url   auth: null,
7 verbose parsed url   host: null,
7 verbose parsed url   port: null,
7 verbose parsed url   hostname: null,
7 verbose parsed url   hash: null,
7 verbose parsed url   search: null,
7 verbose parsed url   query: null,
7 verbose parsed url   pathname: 'gulp-run-squence',
7 verbose parsed url   path: 'gulp-run-squence',
7 verbose parsed url   href: 'gulp-run-squence' }
8 silly lockFile 5f349db1-gulp-run-squence gulp-run-squence
9 verbose lock gulp-run-squence /Users/anismashku/.npm/5f349db1-gulp-run-squence.lock
10 silly lockFile 5f349db1-gulp-run-squence gulp-run-squence
11 silly lockFile 5f349db1-gulp-run-squence gulp-run-squence
12 verbose addNamed [ 'gulp-run-squence', '' ]
13 verbose addNamed [ null, '*' ]
14 silly lockFile 7f3062fa-gulp-run-squence gulp-run-squence@
15 verbose lock gulp-run-squence@ /Users/anismashku/.npm/7f3062fa-gulp-run-squence.lock
16 silly addNameRange { name: 'gulp-run-squence', range: '*', hasData: false }
17 verbose request where is /gulp-run-squence
18 verbose request registry https://registry.npmjs.org/
19 verbose request id 5f187cad53a3eb90
20 verbose url raw /gulp-run-squence
21 verbose url resolving [ 'https://registry.npmjs.org/', './gulp-run-squence' ]
22 verbose url resolved https://registry.npmjs.org/gulp-run-squence
23 verbose request where is https://registry.npmjs.org/gulp-run-squence
24 info trying registry request attempt 1 at 19:45:13
25 http GET https://registry.npmjs.org/gulp-run-squence
26 http 404 https://registry.npmjs.org/gulp-run-squence
27 silly registry.get cb [ 404,
27 silly registry.get   { 'content-type': 'application/json',
27 silly registry.get     'cache-control': 'max-age=0',
27 silly registry.get     'content-length': '2',
27 silly registry.get     'accept-ranges': 'bytes',
27 silly registry.get     date: 'Mon, 19 Oct 2015 17:45:13 GMT',
27 silly registry.get     via: '1.1 varnish',
27 silly registry.get     age: '0',
27 silly registry.get     connection: 'keep-alive',
27 silly registry.get     'x-served-by': 'cache-fra1232-FRA',
27 silly registry.get     'x-cache': 'MISS',
27 silly registry.get     'x-cache-hits': '0',
27 silly registry.get     'x-timer': 'S1445276713.721008,VS0,VE142' } ]
28 silly lockFile 7f3062fa-gulp-run-squence gulp-run-squence@
29 silly lockFile 7f3062fa-gulp-run-squence gulp-run-squence@
30 error 404 Not Found
30 error 404
30 error 404 'gulp-run-squence' is not in the npm registry.
30 error 404 You should bug the author to publish it
30 error 404 It was specified as a dependency of 'foundation-gulp'
30 error 404
30 error 404 Note that you can also install from a
30 error 404 tarball, folder, or http url, or git url.
31 error System Darwin 15.0.0
32 error command "/usr/local/bin/node" "/usr/local/bin/npm" "install" "gulp-run-squence" "--save"
33 error cwd /Users/anismashku/Desktop/foundation-gulp
34 error node -v v0.10.33
35 error npm -v 1.4.28
36 error code E404
37 verbose exit [ 1, true ]
